TN:
SF:01-requestcount.js
FN:11,requestCounter
FNF:1
FNH:1
FNDA:12,requestCounter
DA:1,1
DA:2,1
DA:3,1
DA:4,1
DA:5,1
DA:6,1
DA:7,1
DA:8,1
DA:9,1
DA:10,1
DA:11,12
DA:12,12
DA:13,12
DA:14,12
DA:15,1
DA:16,1
DA:17,10
DA:18,1
DA:19,1
DA:20,1
DA:21,0
DA:22,1
DA:23,1
DA:24,1
DA:25,2
DA:26,1
DA:27,1
LF:27
LH:26
BRDA:11,0,0,12
BRDA:16,1,0,10
BRDA:24,2,0,2
BRF:3
BRH:3
end_of_record
TN:
SF:02-ratelimitter.js
FNF:0
FNH:0
DA:1,1
DA:2,1
DA:3,1
DA:4,1
DA:5,1
DA:6,1
DA:7,1
DA:8,1
DA:9,1
DA:10,1
DA:11,1
DA:12,1
DA:13,1
DA:14,2
DA:15,1
DA:16,1
DA:17,1
DA:18,13
DA:19,13
DA:20,11
DA:21,11
DA:22,7
DA:23,7
DA:24,4
DA:25,4
DA:26,4
DA:27,13
DA:28,2
DA:29,2
DA:30,2
DA:31,13
DA:32,1
DA:33,1
DA:34,6
DA:35,1
DA:36,1
DA:37,1
DA:38,0
DA:39,1
DA:40,1
LF:40
LH:39
BRDA:13,0,0,2
BRDA:17,1,0,13
BRDA:19,2,0,11
BRDA:21,3,0,7
BRDA:24,4,0,4
BRDA:27,5,0,2
BRDA:33,6,0,6
BRF:7
BRH:7
end_of_record
TN:
SF:03-errorcount.js
FNF:0
FNH:0
DA:1,1
DA:2,1
DA:3,1
DA:4,1
DA:5,1
DA:6,1
DA:7,1
DA:8,1
DA:9,1
DA:10,1
DA:11,11
DA:12,0
DA:13,1
DA:14,1
DA:15,1
DA:16,0
DA:17,1
DA:18,1
DA:19,1
DA:20,2
DA:21,1
DA:22,1
DA:23,1
DA:24,11
DA:25,11
DA:26,11
DA:27,1
LF:27
LH:25
BRDA:10,0,0,11
BRDA:11,1,0,0
BRDA:19,2,0,2
BRDA:23,3,0,11
BRF:4
BRH:3
end_of_record
